<?xml version="1.0" encoding="UTF-8"?>
<!-- Generated by org.testng.reporters.JUnitXMLReporter -->
<testsuite ignored="0" hostname="PTDVN220045" failures="0" tests="2" name="Error Validations Test" time="43.608" errors="0" timestamp="2023-06-08T17:30:31 ICT">
  <testcase classname="org.rahulshettyacademy.eCommerce_tc_2" name="FillForm_ErrorValidation" time="6.845"/>
  <testcase classname="org.rahulshettyacademy.eCommerce_tc_2" name="FillForm_PositiveFlow" time="16.93"/>
</testsuite> <!-- Error Validations Test -->
