<?xml version="1.0" encoding="UTF-8"?>
<!-- Generated by org.testng.reporters.JUnitXMLReporter -->
<testsuite ignored="0" hostname="PTDVN220045" failures="0" tests="2" name="Error Validations Test" time="32.403" errors="0" timestamp="2023-06-09T11:35:57 ICT">
  <testcase classname="org.rahulshettyacademy.eCommerce_tc_2" name="FillForm_ErrorValidation" time="7.173"/>
  <testcase classname="org.rahulshettyacademy.eCommerce_tc_2" name="FillForm_PositiveFlow" time="17.204"/>
</testsuite> <!-- Error Validations Test -->
