<?xml version="1.0" encoding="UTF-8"?>
<!-- Generated by org.testng.reporters.JUnitXMLReporter -->
<testsuite ignored="0" hostname="PTDVN220045" failures="0" tests="3" name="Order Product" time="84.246" errors="0" timestamp="2023-06-09T11:35:25 ICT">
  <testcase classname="org.rahulshettyacademy.eCommerce_tc_4_hybrid" name="FillForm" time="24.305"/>
  <testcase classname="org.rahulshettyacademy.eCommerce_tc_4_hybrid" name="FillForm" time="23.328"/>
  <testcase classname="org.rahulshettyacademy.eCommerce_tc_4_hybrid" name="FillForm" time="24.038"/>
</testsuite> <!-- Order Product -->
