<?xml version="1.0" encoding="UTF-8"?>
<testsuite xmlns:xsi="http://www.w3.org/2001/XMLSchema-instance" xsi:noNamespaceSchemaLocation="https://maven.apache.org/surefire/maven-surefire-plugin/xsd/surefire-test-report-3.0.xsd" version="3.0" name="TestSuite" time="118.17" tests="5" errors="0" skipped="0" failures="0">
  <properties>
[...]
</properties>
  <testcase name="FillForm[{name=Nhu123abc, country=Argentina, gender=female}](1)" classname="org.rahulshettyacademy.eCommerce_tc_4_hybrid" time="24.314">
    <system-out><![CDATA[&amp#27;[35m[Appium]&amp#27;[39m Welcome to Appium v2.0.0-beta.66
&amp#27;[35m[Appium]&amp#27;[39m Non-default server args:
&amp#27;[35m[Appium]&amp#27;[39m { address: &amp#27;[32m'127.0.0.1'&amp#27;[39m }
&amp#27;[35m[Appium]&amp#27;[39m Appium REST http interface listener started on 127.0.0.1:4723
&amp#27;[35m[Appium]&amp#27;[39m No drivers have been installed in C:\Windows\system32\config\systemprofile\.appium. Use the "appium driver" command to install the one(s) you want to use.
&amp#27;[35m[Appium]&amp#27;[39m No plugins have been installed. Use the "appium plugin" command to install the one(s) you want to use.
]]></system-out>
    <system-err><![CDATA[SLF4J: No SLF4J providers were found.
SLF4J: Defaulting to no-operation (NOP) logger implementation
SLF4J: See https://www.slf4j.org/codes.html#noProviders for further details.
]]></system-err>
  </testcase>
  <testcase name="FillForm[{name=123, country=Argentina, gender=male}](2)" classname="org.rahulshettyacademy.eCommerce_tc_4_hybrid" time="23.327"/>
  <testcase name="FillForm[{name=456, country=Argentina, gender=female}](3)" classname="org.rahulshettyacademy.eCommerce_tc_4_hybrid" time="24.037"/>
  <testcase name="FillForm_ErrorValidation" classname="org.rahulshettyacademy.eCommerce_tc_2" time="7.173">
    <system-out><![CDATA[&amp#27;[35m[Appium]&amp#27;[39m Welcome to Appium v2.0.0-beta.66
&amp#27;[35m[Appium]&amp#27;[39m Non-default server args:
&amp#27;[35m[Appium]&amp#27;[39m { address: &amp#27;[32m'127.0.0.1'&amp#27;[39m }
&amp#27;[35m[Appium]&amp#27;[39m Appium REST http interface listener started on 127.0.0.1:4723
&amp#27;[35m[Appium]&amp#27;[39m No drivers have been installed in C:\Windows\system32\config\systemprofile\.appium. Use the "appium driver" command to install the one(s) you want to use.
&amp#27;[35m[Appium]&amp#27;[39m No plugins have been installed. Use the "appium plugin" command to install the one(s) you want to use.
]]></system-out>
  </testcase>
  <testcase name="FillForm_PositiveFlow" classname="org.rahulshettyacademy.eCommerce_tc_2" time="17.205"/>
</testsuite>