<?xml version="1.0" encoding="UTF-8"?>
<testng-results ignored="0" total="5" passed="5" failed="0" skipped="0">
  <reporter-output>
  </reporter-output>
  <suite started-at="2023-06-09T11:34:00 ICT" name="Suite" finished-at="2023-06-09T11:35:57 ICT" duration-ms="117184">
    <groups>
      <group name="Smoke">
        <method signature="eCommerce_tc_4_hybrid.FillForm(java.util.HashMap)[pri:0, instance:org.rahulshettyacademy.eCommerce_tc_4_hybrid@344f4dea]" name="FillForm" class="org.rahulshettyacademy.eCommerce_tc_4_hybrid"/>
      </group> <!-- Smoke -->
    </groups>
    <test started-at="2023-06-09T11:34:00 ICT" name="End to end Framework Test" finished-at="2023-06-09T11:34:00 ICT" duration-ms="15">
    </test> <!-- End to end Framework Test -->
    <test started-at="2023-06-09T11:34:01 ICT" name="Order Product" finished-at="2023-06-09T11:35:25 ICT" duration-ms="84246">
      <class name="org.rahulshettyacademy.eCommerce_tc_4_hybrid">
        <test-method is-config="true" signature="ConfigAppium()[pri:0, instance:org.rahulshettyacademy.eCommerce_tc_4_hybrid@344f4dea]" started-at="2023-06-09T11:34:01 ICT" name="ConfigAppium" finished-at="2023-06-09T11:34:09 ICT" duration-ms="8677" status="PASS">
          <reporter-output>
          </reporter-output>
        </test-method> <!-- ConfigAppium -->
        <test-method is-config="true" signature="preSetup()[pri:0, instance:org.rahulshettyacademy.eCommerce_tc_4_hybrid@344f4dea]" started-at="2023-06-09T11:34:10 ICT" name="preSetup" finished-at="2023-06-09T11:34:11 ICT" duration-ms="979" status="PASS">
          <reporter-output>
          </reporter-output>
        </test-method> <!-- preSetup -->
        <test-method signature="FillForm(java.util.HashMap)[pri:0, instance:org.rahulshettyacademy.eCommerce_tc_4_hybrid@344f4dea]" started-at="2023-06-09T11:34:11 ICT" name="FillForm" data-provider="getData" finished-at="2023-06-09T11:34:35 ICT" duration-ms="24305" status="PASS">
          <params>
            <param index="0">
              <value>
                <![CDATA[{name=Nhu123abc, country=Argentina, gender=female}]]>
              </value>
            </param>
          </params>
          <reporter-output>
          </reporter-output>
        </test-method> <!-- FillForm -->
        <test-method is-config="true" signature="preSetup()[pri:0, instance:org.rahulshettyacademy.eCommerce_tc_4_hybrid@344f4dea]" started-at="2023-06-09T11:34:35 ICT" name="preSetup" finished-at="2023-06-09T11:34:36 ICT" duration-ms="1098" status="PASS">
          <reporter-output>
          </reporter-output>
        </test-method> <!-- preSetup -->
        <test-method signature="FillForm(java.util.HashMap)[pri:0, instance:org.rahulshettyacademy.eCommerce_tc_4_hybrid@344f4dea]" started-at="2023-06-09T11:34:36 ICT" name="FillForm" data-provider="getData" finished-at="2023-06-09T11:34:59 ICT" duration-ms="23328" status="PASS">
          <params>
            <param index="0">
              <value>
                <![CDATA[{name=123, country=Argentina, gender=male}]]>
              </value>
            </param>
          </params>
          <reporter-output>
          </reporter-output>
        </test-method> <!-- FillForm -->
        <test-method is-config="true" signature="preSetup()[pri:0, instance:org.rahulshettyacademy.eCommerce_tc_4_hybrid@344f4dea]" started-at="2023-06-09T11:34:59 ICT" name="preSetup" finished-at="2023-06-09T11:35:01 ICT" duration-ms="1059" status="PASS">
          <reporter-output>
          </reporter-output>
        </test-method> <!-- preSetup -->
        <test-method signature="FillForm(java.util.HashMap)[pri:0, instance:org.rahulshettyacademy.eCommerce_tc_4_hybrid@344f4dea]" started-at="2023-06-09T11:35:01 ICT" name="FillForm" data-provider="getData" finished-at="2023-06-09T11:35:25 ICT" duration-ms="24038" status="PASS">
          <params>
            <param index="0">
              <value>
                <![CDATA[{name=456, country=Argentina, gender=female}]]>
              </value>
            </param>
          </params>
          <reporter-output>
          </reporter-output>
        </test-method> <!-- FillForm -->
        <test-method is-config="true" signature="tearDown()[pri:0, instance:org.rahulshettyacademy.eCommerce_tc_4_hybrid@344f4dea]" started-at="2023-06-09T11:35:25 ICT" name="tearDown" finished-at="2023-06-09T11:35:25 ICT" duration-ms="420" status="PASS">
          <reporter-output>
          </reporter-output>
        </test-method> <!-- tearDown -->
      </class> <!-- org.rahulshettyacademy.eCommerce_tc_4_hybrid -->
    </test> <!-- Order Product -->
    <test started-at="2023-06-09T11:35:25 ICT" name="Error Validations Test" finished-at="2023-06-09T11:35:57 ICT" duration-ms="32403">
      <class name="org.rahulshettyacademy.eCommerce_tc_2">
        <test-method is-config="true" signature="ConfigAppium()[pri:0, instance:org.rahulshettyacademy.eCommerce_tc_2@6f3c660a]" started-at="2023-06-09T11:35:25 ICT" name="ConfigAppium" finished-at="2023-06-09T11:35:31 ICT" duration-ms="5483" status="PASS">
          <reporter-output>
          </reporter-output>
        </test-method> <!-- ConfigAppium -->
        <test-method is-config="true" signature="preSetup()[pri:0, instance:org.rahulshettyacademy.eCommerce_tc_2@6f3c660a]" started-at="2023-06-09T11:35:31 ICT" name="preSetup" finished-at="2023-06-09T11:35:32 ICT" duration-ms="1098" status="PASS">
          <reporter-output>
          </reporter-output>
        </test-method> <!-- preSetup -->
        <test-method signature="FillForm_ErrorValidation()[pri:0, instance:org.rahulshettyacademy.eCommerce_tc_2@6f3c660a]" started-at="2023-06-09T11:35:32 ICT" name="FillForm_ErrorValidation" finished-at="2023-06-09T11:35:39 ICT" duration-ms="7173" status="PASS">
          <reporter-output>
          </reporter-output>
        </test-method> <!-- FillForm_ErrorValidation -->
        <test-method is-config="true" signature="preSetup()[pri:0, instance:org.rahulshettyacademy.eCommerce_tc_2@6f3c660a]" started-at="2023-06-09T11:35:39 ICT" name="preSetup" finished-at="2023-06-09T11:35:40 ICT" duration-ms="1060" status="PASS">
          <reporter-output>
          </reporter-output>
        </test-method> <!-- preSetup -->
        <test-method signature="FillForm_PositiveFlow()[pri:0, instance:org.rahulshettyacademy.eCommerce_tc_2@6f3c660a]" started-at="2023-06-09T11:35:40 ICT" name="FillForm_PositiveFlow" finished-at="2023-06-09T11:35:57 ICT" duration-ms="17204" status="PASS">
          <reporter-output>
          </reporter-output>
        </test-method> <!-- FillForm_PositiveFlow -->
        <test-method is-config="true" signature="tearDown()[pri:0, instance:org.rahulshettyacademy.eCommerce_tc_2@6f3c660a]" started-at="2023-06-09T11:35:57 ICT" name="tearDown" finished-at="2023-06-09T11:35:57 ICT" duration-ms="381" status="PASS">
          <reporter-output>
          </reporter-output>
        </test-method> <!-- tearDown -->
      </class> <!-- org.rahulshettyacademy.eCommerce_tc_2 -->
    </test> <!-- Error Validations Test -->
  </suite> <!-- Suite -->
</testng-results>
