<?xml version="1.0" encoding="UTF-8"?>
<testng-results ignored="0" total="3" passed="3" failed="0" skipped="0">
  <reporter-output>
  </reporter-output>
  <suite started-at="2023-06-09T11:29:29 ICT" name="Default suite" finished-at="2023-06-09T11:31:05 ICT" duration-ms="96564">
    <groups>
      <group name="Smoke">
        <method signature="eCommerce_tc_4_hybrid.FillForm(java.util.HashMap)[pri:0, instance:org.rahulshettyacademy.eCommerce_tc_4_hybrid@58cbafc2]" name="FillForm" class="org.rahulshettyacademy.eCommerce_tc_4_hybrid"/>
      </group> <!-- Smoke -->
    </groups>
    <test started-at="2023-06-09T11:29:29 ICT" name="Default test" finished-at="2023-06-09T11:31:05 ICT" duration-ms="96564">
      <class name="org.rahulshettyacademy.eCommerce_tc_4_hybrid">
        <test-method is-config="true" signature="ConfigAppium()[pri:0, instance:org.rahulshettyacademy.eCommerce_tc_4_hybrid@58cbafc2]" started-at="2023-06-09T11:29:29 ICT" name="ConfigAppium" finished-at="2023-06-09T11:29:47 ICT" duration-ms="17934" status="PASS">
          <reporter-output>
          </reporter-output>
        </test-method> <!-- ConfigAppium -->
        <test-method is-config="true" signature="preSetup()[pri:0, instance:org.rahulshettyacademy.eCommerce_tc_4_hybrid@58cbafc2]" started-at="2023-06-09T11:29:47 ICT" name="preSetup" finished-at="2023-06-09T11:29:48 ICT" duration-ms="1073" status="PASS">
          <reporter-output>
          </reporter-output>
        </test-method> <!-- preSetup -->
        <test-method signature="FillForm(java.util.HashMap)[pri:0, instance:org.rahulshettyacademy.eCommerce_tc_4_hybrid@58cbafc2]" started-at="2023-06-09T11:29:48 ICT" name="FillForm" data-provider="getData" finished-at="2023-06-09T11:30:13 ICT" duration-ms="25286" status="PASS">
          <params>
            <param index="0">
              <value>
                <![CDATA[{name=Nhu123abc, country=Argentina, gender=female}]]>
              </value>
            </param>
          </params>
          <reporter-output>
          </reporter-output>
        </test-method> <!-- FillForm -->
        <test-method is-config="true" signature="preSetup()[pri:0, instance:org.rahulshettyacademy.eCommerce_tc_4_hybrid@58cbafc2]" started-at="2023-06-09T11:30:13 ICT" name="preSetup" finished-at="2023-06-09T11:30:14 ICT" duration-ms="1092" status="PASS">
          <reporter-output>
          </reporter-output>
        </test-method> <!-- preSetup -->
        <test-method signature="FillForm(java.util.HashMap)[pri:0, instance:org.rahulshettyacademy.eCommerce_tc_4_hybrid@58cbafc2]" started-at="2023-06-09T11:30:14 ICT" name="FillForm" data-provider="getData" finished-at="2023-06-09T11:30:39 ICT" duration-ms="24488" status="PASS">
          <params>
            <param index="0">
              <value>
                <![CDATA[{name=123, country=Argentina, gender=male}]]>
              </value>
            </param>
          </params>
          <reporter-output>
          </reporter-output>
        </test-method> <!-- FillForm -->
        <test-method is-config="true" signature="preSetup()[pri:0, instance:org.rahulshettyacademy.eCommerce_tc_4_hybrid@58cbafc2]" started-at="2023-06-09T11:30:39 ICT" name="preSetup" finished-at="2023-06-09T11:30:40 ICT" duration-ms="1081" status="PASS">
          <reporter-output>
          </reporter-output>
        </test-method> <!-- preSetup -->
        <test-method signature="FillForm(java.util.HashMap)[pri:0, instance:org.rahulshettyacademy.eCommerce_tc_4_hybrid@58cbafc2]" started-at="2023-06-09T11:30:40 ICT" name="FillForm" data-provider="getData" finished-at="2023-06-09T11:31:05 ICT" duration-ms="24683" status="PASS">
          <params>
            <param index="0">
              <value>
                <![CDATA[{name=456, country=Argentina, gender=female}]]>
              </value>
            </param>
          </params>
          <reporter-output>
          </reporter-output>
        </test-method> <!-- FillForm -->
        <test-method is-config="true" signature="tearDown()[pri:0, instance:org.rahulshettyacademy.eCommerce_tc_4_hybrid@58cbafc2]" started-at="2023-06-09T11:31:05 ICT" name="tearDown" finished-at="2023-06-09T11:31:05 ICT" duration-ms="686" status="PASS">
          <reporter-output>
          </reporter-output>
        </test-method> <!-- tearDown -->
      </class> <!-- org.rahulshettyacademy.eCommerce_tc_4_hybrid -->
    </test> <!-- Default test -->
  </suite> <!-- Default suite -->
</testng-results>
