<?xml version="1.0" encoding="UTF-8"?>
<testng-results ignored="0" total="2" passed="2" failed="0" skipped="0">
  <reporter-output>
  </reporter-output>
  <suite started-at="2023-06-08T17:29:48 ICT" name="Suite" finished-at="2023-06-08T17:30:31 ICT" duration-ms="43679">
    <groups>
    </groups>
    <test started-at="2023-06-08T17:29:48 ICT" name="End to end Framework Test" finished-at="2023-06-08T17:29:48 ICT" duration-ms="11">
    </test> <!-- End to end Framework Test -->
    <test started-at="2023-06-08T17:29:48 ICT" name="Error Validations Test" finished-at="2023-06-08T17:30:31 ICT" duration-ms="43608">
      <class name="org.rahulshettyacademy.eCommerce_tc_2">
        <test-method is-config="true" signature="ConfigAppium()[pri:0, instance:org.rahulshettyacademy.eCommerce_tc_2@68c9133c]" started-at="2023-06-08T17:29:48 ICT" name="ConfigAppium" finished-at="2023-06-08T17:30:05 ICT" duration-ms="17289" status="PASS">
          <reporter-output>
          </reporter-output>
        </test-method> <!-- ConfigAppium -->
        <test-method is-config="true" signature="preSetup()[pri:0, instance:org.rahulshettyacademy.eCommerce_tc_2@68c9133c]" started-at="2023-06-08T17:30:05 ICT" name="preSetup" finished-at="2023-06-08T17:30:06 ICT" duration-ms="953" status="PASS">
          <reporter-output>
          </reporter-output>
        </test-method> <!-- preSetup -->
        <test-method signature="FillForm_ErrorValidation()[pri:0, instance:org.rahulshettyacademy.eCommerce_tc_2@68c9133c]" started-at="2023-06-08T17:30:06 ICT" name="FillForm_ErrorValidation" finished-at="2023-06-08T17:30:13 ICT" duration-ms="6845" status="PASS">
          <reporter-output>
          </reporter-output>
        </test-method> <!-- FillForm_ErrorValidation -->
        <test-method is-config="true" signature="preSetup()[pri:0, instance:org.rahulshettyacademy.eCommerce_tc_2@68c9133c]" started-at="2023-06-08T17:30:13 ICT" name="preSetup" finished-at="2023-06-08T17:30:14 ICT" duration-ms="1089" status="PASS">
          <reporter-output>
          </reporter-output>
        </test-method> <!-- preSetup -->
        <test-method signature="FillForm_PositiveFlow()[pri:0, instance:org.rahulshettyacademy.eCommerce_tc_2@68c9133c]" started-at="2023-06-08T17:30:14 ICT" name="FillForm_PositiveFlow" finished-at="2023-06-08T17:30:31 ICT" duration-ms="16930" status="PASS">
          <reporter-output>
          </reporter-output>
        </test-method> <!-- FillForm_PositiveFlow -->
        <test-method is-config="true" signature="tearDown()[pri:0, instance:org.rahulshettyacademy.eCommerce_tc_2@68c9133c]" started-at="2023-06-08T17:30:31 ICT" name="tearDown" finished-at="2023-06-08T17:30:31 ICT" duration-ms="476" status="PASS">
          <reporter-output>
          </reporter-output>
        </test-method> <!-- tearDown -->
      </class> <!-- org.rahulshettyacademy.eCommerce_tc_2 -->
    </test> <!-- Error Validations Test -->
  </suite> <!-- Suite -->
</testng-results>
